<?xml version="1.0" encoding="UTF-8"?>
<Site BuildName="(empty)"
	BuildStamp="20230614-1114-Experimental"
	Name="(empty)"
	Generator="ctest-3.22.1"
	CompilerName=""
	CompilerVersion=""
	OSName="Linux"
	Hostname="tanee-System"
	OSRelease="5.3.0-28-generic"
	OSVersion="#30~18.04.1-Ubuntu SMP Fri Jan 17 06:14:09 UTC 2020"
	OSPlatform="x86_64"
	Is64Bits="1"
	VendorString="GenuineIntel"
	VendorID="Intel Corporation"
	FamilyID="6"
	ModelID="183"
	ProcessorCacheSize="36864"
	NumberOfLogicalCPU="32"
	NumberOfPhysicalCPU="24"
	TotalVirtualMemory="15624"
	TotalPhysicalMemory="31923"
	LogicalProcessorsPerPhysical="1"
	ProcessorClockFrequency="4496.97"
	>
	<Testing>
		<StartDateTime>Jun 14 19:14 CST</StartDateTime>
		<StartTestTime>1686741283</StartTestTime>
		<TestList/>
		<EndDateTime>Jun 14 19:14 CST</EndDateTime>
		<EndTestTime>1686741283</EndTestTime>
		<ElapsedMinutes>0</ElapsedMinutes>
	</Testing>
</Site>
